Traceback (most recent call last):
  File "C:\Users\gabyd\AppData\Local\Programs\Python\Python312\Lib\site-packages\jupyter_cache\executors\utils.py", line 58, in single_nb_execution
    executenb(
  File "C:\Users\gabyd\AppData\Local\Programs\Python\Python312\Lib\site-packages\nbclient\client.py", line 1319, in execute
    return NotebookClient(nb=nb, resources=resources, km=km, **kwargs).execute()
           ^^^^^^^^^^^^^^^^^^^^^^^^^^^^^^^^^^^^^^^^^^^^^^^^^^^^^^^^^^^^^^^^^^^^^
  File "C:\Users\gabyd\AppData\Roaming\Python\Python312\site-packages\jupyter_core\utils\__init__.py", line 165, in wrapped
    return loop.run_until_complete(inner)
           ^^^^^^^^^^^^^^^^^^^^^^^^^^^^^^
  File "C:\Users\gabyd\AppData\Local\Programs\Python\Python312\Lib\asyncio\base_events.py", line 687, in run_until_complete
    return future.result()
           ^^^^^^^^^^^^^^^
  File "C:\Users\gabyd\AppData\Local\Programs\Python\Python312\Lib\site-packages\nbclient\client.py", line 709, in async_execute
    await self.async_execute_cell(
  File "C:\Users\gabyd\AppData\Local\Programs\Python\Python312\Lib\site-packages\nbclient\client.py", line 1062, in async_execute_cell
    await self._check_raise_for_error(cell, cell_index, exec_reply)
  File "C:\Users\gabyd\AppData\Local\Programs\Python\Python312\Lib\site-packages\nbclient\client.py", line 918, in _check_raise_for_error
    raise CellExecutionError.from_cell_and_msg(cell, exec_reply_content)
nbclient.exceptions.CellExecutionError: An error occurred while executing the following cell:
------------------
alt.Chart(antibiotics, title='Penicillin Resistance of Bacterial Strains').mark_rect().encode(
    alt.Y('Bacteria:N',
      sort=alt.EncodingSortField(field='Penicillin', op='max', order='descending'),
      axis=alt.Axis(orient='right', title=None)
    ),
    alt.Color('Penicillin:Q',
      scale=alt.Scale(type='log', scheme='plasma', nice=True),
      legend=alt.Legend(titleOrient='right', tickCount=5),
      title='Penicillin MIC (μg/ml)'
    )
).configure_title(
  anchor='start', # ancora e alinha o título à esquerda
  offset=5        # define o espaçamento do título no gráfico
------------------


[1;36m  Cell [1;32mIn[27], line 13[1;36m[0m
[1;33m    offset=5        # define o espaçamento do título no gráfico[0m
[1;37m                                                               ^[0m
[1;31mSyntaxError[0m[1;31m:[0m incomplete input


