Traceback (most recent call last):
  File "C:\Users\gabyd\AppData\Local\Programs\Python\Python312\Lib\site-packages\jupyter_cache\executors\utils.py", line 58, in single_nb_execution
    executenb(
  File "C:\Users\gabyd\AppData\Local\Programs\Python\Python312\Lib\site-packages\nbclient\client.py", line 1319, in execute
    return NotebookClient(nb=nb, resources=resources, km=km, **kwargs).execute()
           ^^^^^^^^^^^^^^^^^^^^^^^^^^^^^^^^^^^^^^^^^^^^^^^^^^^^^^^^^^^^^^^^^^^^^
  File "C:\Users\gabyd\AppData\Roaming\Python\Python312\site-packages\jupyter_core\utils\__init__.py", line 165, in wrapped
    return loop.run_until_complete(inner)
           ^^^^^^^^^^^^^^^^^^^^^^^^^^^^^^
  File "C:\Users\gabyd\AppData\Local\Programs\Python\Python312\Lib\asyncio\base_events.py", line 687, in run_until_complete
    return future.result()
           ^^^^^^^^^^^^^^^
  File "C:\Users\gabyd\AppData\Local\Programs\Python\Python312\Lib\site-packages\nbclient\client.py", line 709, in async_execute
    await self.async_execute_cell(
  File "C:\Users\gabyd\AppData\Local\Programs\Python\Python312\Lib\site-packages\nbclient\client.py", line 1062, in async_execute_cell
    await self._check_raise_for_error(cell, cell_index, exec_reply)
  File "C:\Users\gabyd\AppData\Local\Programs\Python\Python312\Lib\site-packages\nbclient\client.py", line 918, in _check_raise_for_error
    raise CellExecutionError.from_cell_and_msg(cell, exec_reply_content)
nbclient.exceptions.CellExecutionError: An error occurred while executing the following cell:
------------------
selectGenre = alt.selection_single(
    name='Select', # name the selection 'Select'
    fields=['Major_Genre'], # limit selection to the Major_Genre field
    init={'Major_Genre': genres[0]}, # use first genre entry as initial value
    bind=alt.binding_select(options=genres) # bind to a menu of unique genre values
)

alt.Chart(movies).mark_circle().add_selection(
    selectGenre
).encode(
    x='Rotten_Tomatoes_Rating:Q',
    y='IMDB_Rating:Q',
    tooltip='Title:N',
    opacity=alt.condition(selectGenre, alt.value(0.75), alt.value(0.05))
)
------------------

----- stderr -----
C:\Users\gabyd\AppData\Local\Temp\ipykernel_8780\2770894913.py:1: AltairDeprecationWarning: 
Deprecated since `altair=5.0.0`. Use selection_point instead.
  selectGenre = alt.selection_single(
------------------

[1;31m---------------------------------------------------------------------------[0m
[1;31mTypeError[0m                                 Traceback (most recent call last)
Cell [1;32mIn[9], line 1[0m
[1;32m----> 1[0m selectGenre [38;5;241m=[39m [43malt[49m[38;5;241;43m.[39;49m[43mselection_single[49m[43m([49m
[0;32m      2[0m [43m    [49m[43mname[49m[38;5;241;43m=[39;49m[38;5;124;43m'[39;49m[38;5;124;43mSelect[39;49m[38;5;124;43m'[39;49m[43m,[49m[43m [49m[38;5;66;43;03m# name the selection 'Select'[39;49;00m
[0;32m      3[0m [43m    [49m[43mfields[49m[38;5;241;43m=[39;49m[43m[[49m[38;5;124;43m'[39;49m[38;5;124;43mMajor_Genre[39;49m[38;5;124;43m'[39;49m[43m][49m[43m,[49m[43m [49m[38;5;66;43;03m# limit selection to the Major_Genre field[39;49;00m
[0;32m      4[0m [43m    [49m[43minit[49m[38;5;241;43m=[39;49m[43m{[49m[38;5;124;43m'[39;49m[38;5;124;43mMajor_Genre[39;49m[38;5;124;43m'[39;49m[43m:[49m[43m [49m[43mgenres[49m[43m[[49m[38;5;241;43m0[39;49m[43m][49m[43m}[49m[43m,[49m[43m [49m[38;5;66;43;03m# use first genre entry as initial value[39;49;00m
[0;32m      5[0m [43m    [49m[43mbind[49m[38;5;241;43m=[39;49m[43malt[49m[38;5;241;43m.[39;49m[43mbinding_select[49m[43m([49m[43moptions[49m[38;5;241;43m=[39;49m[43mgenres[49m[43m)[49m[43m [49m[38;5;66;43;03m# bind to a menu of unique genre values[39;49;00m
[0;32m      6[0m [43m)[49m
[0;32m      8[0m alt[38;5;241m.[39mChart(movies)[38;5;241m.[39mmark_circle()[38;5;241m.[39madd_selection(
[0;32m      9[0m     selectGenre
[0;32m     10[0m )[38;5;241m.[39mencode(
[1;32m   (...)[0m
[0;32m     14[0m     opacity[38;5;241m=[39malt[38;5;241m.[39mcondition(selectGenre, alt[38;5;241m.[39mvalue([38;5;241m0.75[39m), alt[38;5;241m.[39mvalue([38;5;241m0.05[39m))
[0;32m     15[0m )

File [1;32m~\AppData\Local\Programs\Python\Python312\Lib\site-packages\typing_extensions.py:2853[0m, in [0;36mdeprecated.__call__.<locals>.wrapper[1;34m(*args, **kwargs)[0m
[0;32m   2850[0m [38;5;129m@functools[39m[38;5;241m.[39mwraps(arg)
[0;32m   2851[0m [38;5;28;01mdef[39;00m[38;5;250m [39m[38;5;21mwrapper[39m([38;5;241m*[39margs, [38;5;241m*[39m[38;5;241m*[39mkwargs):
[0;32m   2852[0m     warnings[38;5;241m.[39mwarn(msg, category[38;5;241m=[39mcategory, stacklevel[38;5;241m=[39mstacklevel [38;5;241m+[39m [38;5;241m1[39m)
[1;32m-> 2853[0m     [38;5;28;01mreturn[39;00m [43marg[49m[43m([49m[38;5;241;43m*[39;49m[43margs[49m[43m,[49m[43m [49m[38;5;241;43m*[39;49m[38;5;241;43m*[39;49m[43mkwargs[49m[43m)[49m

File [1;32m~\AppData\Local\Programs\Python\Python312\Lib\site-packages\altair\vegalite\v5\api.py:1749[0m, in [0;36mselection_single[1;34m(**kwargs)[0m
[0;32m   1746[0m [38;5;129m@utils[39m[38;5;241m.[39mdeprecated(version[38;5;241m=[39m[38;5;124m"[39m[38;5;124m5.0.0[39m[38;5;124m"[39m, alternative[38;5;241m=[39m[38;5;124m"[39m[38;5;124mselection_point[39m[38;5;124m"[39m)
[0;32m   1747[0m [38;5;28;01mdef[39;00m[38;5;250m [39m[38;5;21mselection_single[39m([38;5;241m*[39m[38;5;241m*[39mkwargs: Any) [38;5;241m-[39m[38;5;241m>[39m Parameter:
[0;32m   1748[0m [38;5;250m    [39m[38;5;124;03m"""'selection_single' is deprecated.  Use 'selection_point'."""[39;00m
[1;32m-> 1749[0m     [38;5;28;01mreturn[39;00m [43m_selection[49m[43m([49m[38;5;28;43mtype[39;49m[38;5;241;43m=[39;49m[38;5;124;43m"[39;49m[38;5;124;43mpoint[39;49m[38;5;124;43m"[39;49m[43m,[49m[43m [49m[38;5;241;43m*[39;49m[38;5;241;43m*[39;49m[43mkwargs[49m[43m)[49m

File [1;32m~\AppData\Local\Programs\Python\Python312\Lib\site-packages\altair\vegalite\v5\api.py:1443[0m, in [0;36m_selection[1;34m(type, **kwds)[0m
[0;32m   1440[0m     msg [38;5;241m=[39m [38;5;124m"""[39m[38;5;124m'[39m[38;5;124mtype[39m[38;5;124m'[39m[38;5;124m must be [39m[38;5;124m'[39m[38;5;124mpoint[39m[38;5;124m'[39m[38;5;124m or [39m[38;5;124m'[39m[38;5;124minterval[39m[38;5;124m'[39m[38;5;124m"""[39m
[0;32m   1441[0m     [38;5;28;01mraise[39;00m [38;5;167;01mValueError[39;00m(msg)
[1;32m-> 1443[0m [38;5;28;01mreturn[39;00m [43mparam[49m[43m([49m[43mselect[49m[38;5;241;43m=[39;49m[43mselect[49m[43m,[49m[43m [49m[38;5;241;43m*[39;49m[38;5;241;43m*[39;49m[43mparam_kwds[49m[43m)[49m

File [1;32m~\AppData\Local\Programs\Python\Python312\Lib\site-packages\altair\vegalite\v5\api.py:1413[0m, in [0;36mparam[1;34m(name, value, bind, empty, expr, **kwds)[0m
[0;32m   1411[0m     parameter[38;5;241m.[39mparam_type [38;5;241m=[39m [38;5;124m"[39m[38;5;124mselection[39m[38;5;124m"[39m
[0;32m   1412[0m [38;5;28;01melse[39;00m:
[1;32m-> 1413[0m     parameter[38;5;241m.[39mparam [38;5;241m=[39m core[38;5;241m.[39mSelectionParameter(
[0;32m   1414[0m         name[38;5;241m=[39mparameter[38;5;241m.[39mname, bind[38;5;241m=[39mbind, value[38;5;241m=[39mvalue, expr[38;5;241m=[39mexpr, [38;5;241m*[39m[38;5;241m*[39mkwds
[0;32m   1415[0m     )
[0;32m   1416[0m     parameter[38;5;241m.[39mparam_type [38;5;241m=[39m [38;5;124m"[39m[38;5;124mselection[39m[38;5;124m"[39m
[0;32m   1418[0m [38;5;28;01mreturn[39;00m parameter

[1;31mTypeError[0m: altair.vegalite.v5.schema.core.SelectionParameter() got multiple values for keyword argument 'value'

